# JRE version: Java(TM) SE Runtime Environment (8.0_131-b11) (build 1.8.0_131-b11)
# Java VM: Java HotSpot(TM) 64-Bit Server VM (25.131-b11 mixed mode windows-amd64 compressed oops)
Heap:
 PSYoungGen      total 109056K, used 37874K [0x00000000e0000000, 0x00000000ec000000, 0x0000000100000000)
  eden space 97792K, 38% used [0x00000000e0000000,0x00000000e24fc8b0,0x00000000e5f80000)
  from space 11264K, 0% used [0x00000000e5f80000,0x00000000e5f80000,0x00000000e6a80000)
  to   space 12800K, 0% used [0x00000000eb380000,0x00000000eb380000,0x00000000ec000000)
 ParOldGen       total 100864K, used 17898K [0x00000000a0000000, 0x00000000a6280000, 0x00000000e0000000)
  object space 100864K, 17% used [0x00000000a0000000,0x00000000a117a860,0x00000000a6280000)
 Metaspace       used 36864K, capacity 37734K, committed 38144K, reserved 1081344K
  class space    used 5002K, capacity 5272K, committed 5376K, reserved 1048576K
GC Heap History (10 events):
Event: 8.983 GC heap before
{Heap before GC invocations=5 (full 1):
 PSYoungGen      total 70656K, used 5104K [0x00000000e0000000, 0x00000000e4a00000, 0x0000000100000000)
  eden space 65536K, 0% used [0x00000000e0000000,0x00000000e0000000,0x00000000e4000000)
  from space 5120K, 99% used [0x00000000e4500000,0x00000000e49fc030,0x00000000e4a00000)
  to   space 5120K, 0% used [0x00000000e4000000,0x00000000e4000000,0x00000000e4500000)
 ParOldGen       total 86016K, used 7138K [0x00000000a0000000, 0x00000000a5400000, 0x00000000e0000000)
  object space 86016K, 8% used [0x00000000a0000000,0x00000000a06f89d8,0x00000000a5400000)
 Metaspace       used 20708K, capacity 21104K, committed 21296K, reserved 1067008K
  class space    used 2740K, capacity 2878K, committed 2944K, reserved 1048576K
Event: 9.055 GC heap after
Heap after GC invocations=5 (full 1):
 PSYoungGen      total 70656K, used 0K [0x00000000e0000000, 0x00000000e4a00000, 0x0000000100000000)
  eden space 65536K, 0% used [0x00000000e0000000,0x00000000e0000000,0x00000000e4000000)
  from space 5120K, 0% used [0x00000000e4500000,0x00000000e4500000,0x00000000e4a00000)
  to   space 5120K, 0% used [0x00000000e4000000,0x00000000e4000000,0x00000000e4500000)
 ParOldGen       total 59392K, used 7926K [0x00000000a0000000, 0x00000000a3a00000, 0x00000000e0000000)
  object space 59392K, 13% used [0x00000000a0000000,0x00000000a07bd960,0x00000000a3a00000)
 Metaspace       used 20708K, capacity 21104K, committed 21296K, reserved 1067008K
  class space    used 2740K, capacity 2878K, committed 2944K, reserved 1048576K
}
Event: 12.548 GC heap before
{Heap before GC invocations=6 (full 1):
 PSYoungGen      total 70656K, used 65536K [0x00000000e0000000, 0x00000000e4a00000, 0x0000000100000000)
  eden space 65536K, 100% used [0x00000000e0000000,0x00000000e4000000,0x00000000e4000000)
  from space 5120K, 0% used [0x00000000e4500000,0x00000000e4500000,0x00000000e4a00000)
  to   space 5120K, 0% used [0x00000000e4000000,0x00000000e4000000,0x00000000e4500000)
 ParOldGen       total 59392K, used 7926K [0x00000000a0000000, 0x00000000a3a00000, 0x00000000e0000000)
  object space 59392K, 13% used [0x00000000a0000000,0x00000000a07bd960,0x00000000a3a00000)
 Metaspace       used 26686K, capacity 27276K, committed 27392K, reserved 1073152K
  class space    used 3639K, capacity 3819K, committed 3840K, reserved 1048576K
Event: 12.559 GC heap after
Heap after GC invocations=6 (full 1):
 PSYoungGen      total 70656K, used 5090K [0x00000000e0000000, 0x00000000e7700000, 0x0000000100000000)
  eden space 65536K, 0% used [0x00000000e0000000,0x00000000e0000000,0x00000000e4000000)
  from space 5120K, 99% used [0x00000000e4000000,0x00000000e44f8b58,0x00000000e4500000)
  to   space 10752K, 0% used [0x00000000e6c80000,0x00000000e6c80000,0x00000000e7700000)
 ParOldGen       total 59392K, used 11295K [0x00000000a0000000, 0x00000000a3a00000, 0x00000000e0000000)
  object space 59392K, 19% used [0x00000000a0000000,0x00000000a0b07eb8,0x00000000a3a00000)
 Metaspace       used 26686K, capacity 27276K, committed 27392K, reserved 1073152K
  class space    used 3639K, capacity 3819K, committed 3840K, reserved 1048576K
}
Event: 16.446 GC heap before
{Heap before GC invocations=7 (full 1):
 PSYoungGen      total 70656K, used 70626K [0x00000000e0000000, 0x00000000e7700000, 0x0000000100000000)
  eden space 65536K, 100% used [0x00000000e0000000,0x00000000e4000000,0x00000000e4000000)
  from space 5120K, 99% used [0x00000000e4000000,0x00000000e44f8b58,0x00000000e4500000)
  to   space 10752K, 0% used [0x00000000e6c80000,0x00000000e6c80000,0x00000000e7700000)
 ParOldGen       total 59392K, used 11295K [0x00000000a0000000, 0x00000000a3a00000, 0x00000000e0000000)
  object space 59392K, 19% used [0x00000000a0000000,0x00000000a0b07eb8,0x00000000a3a00000)
 Metaspace       used 30209K, capacity 30996K, committed 31104K, reserved 1075200K
  class space    used 4142K, capacity 4397K, committed 4480K, reserved 1048576K
Event: 16.458 GC heap after
Heap after GC invocations=7 (full 1):
 PSYoungGen      total 106496K, used 9068K [0x00000000e0000000, 0x00000000e7580000, 0x0000000100000000)
  eden space 97280K, 0% used [0x00000000e0000000,0x00000000e0000000,0x00000000e5f00000)
  from space 9216K, 98% used [0x00000000e6c80000,0x00000000e755b280,0x00000000e7580000)
  to   space 11264K, 0% used [0x00000000e5f80000,0x00000000e5f80000,0x00000000e6a80000)
 ParOldGen       total 59392K, used 11303K [0x00000000a0000000, 0x00000000a3a00000, 0x00000000e0000000)
  object space 59392K, 19% used [0x00000000a0000000,0x00000000a0b09eb8,0x00000000a3a00000)
 Metaspace       used 30209K, capacity 30996K, committed 31104K, reserved 1075200K
  class space    used 4142K, capacity 4397K, committed 4480K, reserved 1048576K
}
Event: 19.802 GC heap before
{Heap before GC invocations=8 (full 1):
 PSYoungGen      total 106496K, used 71198K [0x00000000e0000000, 0x00000000e7580000, 0x0000000100000000)
  eden space 97280K, 63% used [0x00000000e0000000,0x00000000e3cac7e8,0x00000000e5f00000)
  from space 9216K, 98% used [0x00000000e6c80000,0x00000000e755b280,0x00000000e7580000)
  to   space 11264K, 0% used [0x00000000e5f80000,0x00000000e5f80000,0x00000000e6a80000)
 ParOldGen       total 59392K, used 11303K [0x00000000a0000000, 0x00000000a3a00000, 0x00000000e0000000)
  object space 59392K, 19% used [0x00000000a0000000,0x00000000a0b09eb8,0x00000000a3a00000)
 Metaspace       used 34573K, capacity 35288K, committed 35456K, reserved 1079296K
  class space    used 4708K, capacity 4933K, committed 4992K, reserved 1048576K
Event: 20.081 GC heap after
Heap after GC invocations=8 (full 1):
 PSYoungGen      total 109056K, used 11247K [0x00000000e0000000, 0x00000000ec000000, 0x0000000100000000)
  eden space 97792K, 0% used [0x00000000e0000000,0x00000000e0000000,0x00000000e5f80000)
  from space 11264K, 99% used [0x00000000e5f80000,0x00000000e6a7bf10,0x00000000e6a80000)
  to   space 12800K, 0% used [0x00000000eb380000,0x00000000eb380000,0x00000000ec000000)
 ParOldGen       total 59392K, used 11725K [0x00000000a0000000, 0x00000000a3a00000, 0x00000000e0000000)
  object space 59392K, 19% used [0x00000000a0000000,0x00000000a0b73480,0x00000000a3a00000)
 Metaspace       used 34573K, capacity 35288K, committed 35456K, reserved 1079296K
  class space    used 4708K, capacity 4933K, committed 4992K, reserved 1048576K
}
Event: 20.081 GC heap before
{Heap before GC invocations=9 (full 2):
 PSYoungGen      total 109056K, used 11247K [0x00000000e0000000, 0x00000000ec000000, 0x0000000100000000)
  eden space 97792K, 0% used [0x00000000e0000000,0x00000000e0000000,0x00000000e5f80000)
  from space 11264K, 99% used [0x00000000e5f80000,0x00000000e6a7bf10,0x00000000e6a80000)
  to   space 12800K, 0% used [0x00000000eb380000,0x00000000eb380000,0x00000000ec000000)
 ParOldGen       total 59392K, used 11725K [0x00000000a0000000, 0x00000000a3a00000, 0x00000000e0000000)
  object space 59392K, 19% used [0x00000000a0000000,0x00000000a0b73480,0x00000000a3a00000)
 Metaspace       used 34573K, capacity 35288K, committed 35456K, reserved 1079296K
  class space    used 4708K, capacity 4933K, committed 4992K, reserved 1048576K
Event: 21.061 GC heap after
Heap after GC invocations=9 (full 2):
 PSYoungGen      total 109056K, used 0K [0x00000000e0000000, 0x00000000ec000000, 0x0000000100000000)
  eden space 97792K, 0% used [0x00000000e0000000,0x00000000e0000000,0x00000000e5f80000)
  from space 11264K, 0% used [0x00000000e5f80000,0x00000000e5f80000,0x00000000e6a80000)
  to   space 12800K, 0% used [0x00000000eb380000,0x00000000eb380000,0x00000000ec000000)
 ParOldGen       total 100864K, used 17898K [0x00000000a0000000, 0x00000000a6280000, 0x00000000e0000000)
  object space 100864K, 17% used [0x00000000a0000000,0x00000000a117a860,0x00000000a6280000)
 Metaspace       used 34573K, capacity 35288K, committed 35456K, reserved 1079296K
  class space    used 4708K, capacity 4933K, committed 4992K, reserved 1048576K
}

